Changing working directory to: `tmp-ly'
Processing `/media/peti/SEAGATE_4TB/projektek/mente_daloskonyv/tmp-ly/2a070bbf61a2a31aa2d38f7a2c6b2a5f.ly'
Parsing...
warning: Unknown paper size: papera4
warning: set-global-staff-size: not in toplevel scope
/media/peti/SEAGATE_4TB/projektek/mente_daloskonyv/tmp-ly/2a070bbf61a2a31aa2d38f7a2c6b2a5f.ly:87:27: error: wrong type for argument 1.  Expecting string, found (make-music (quote LineBreakEvent) (quote break-permission) (quote force))
		d4 d \bar 
                          \break ".|:"
/media/peti/SEAGATE_4TB/projektek/mente_daloskonyv/tmp-ly/2a070bbf61a2a31aa2d38f7a2c6b2a5f.ly:87:38: error: string outside of text script or \lyricmode
		d4 d \bar \break ".|:
                                     "
Interpreting music...
warning: cannot find property type-check for `instrument' (translation-type?).  perhaps a typing error?
warning: skipping assignment
[8]
/media/peti/SEAGATE_4TB/projektek/mente_daloskonyv/tmp-ly/2a070bbf61a2a31aa2d38f7a2c6b2a5f.ly:90:30: warning: barcheck failed at: 1/4
		c8[ e] c[ e] 
                             |
[16]
Preprocessing graphical objects...
Calculating line breaks... 
Drawing systems... 
Layout output to `2a070bbf61a2a31aa2d38f7a2c6b2a5f.eps'...
Converting to `2a070bbf61a2a31aa2d38f7a2c6b2a5f.pdf'...
Layout output to `2a070bbf61a2a31aa2d38f7a2c6b2a5f-1.eps'...
Layout output to `2a070bbf61a2a31aa2d38f7a2c6b2a5f-2.eps'...
Layout output to `2a070bbf61a2a31aa2d38f7a2c6b2a5f-3.eps'...
Layout output to `2a070bbf61a2a31aa2d38f7a2c6b2a5f-4.eps'...
Converting to `./2a070bbf61a2a31aa2d38f7a2c6b2a5f-1.pdf'...
Converting to `./2a070bbf61a2a31aa2d38f7a2c6b2a5f-2.pdf'...
Converting to `./2a070bbf61a2a31aa2d38f7a2c6b2a5f-3.pdf'...
Converting to `./2a070bbf61a2a31aa2d38f7a2c6b2a5f-4.pdf'...
Writing 2a070bbf61a2a31aa2d38f7a2c6b2a5f-systems.texi...
Writing 2a070bbf61a2a31aa2d38f7a2c6b2a5f-systems.tex...
Writing 2a070bbf61a2a31aa2d38f7a2c6b2a5f-systems.count...
fatal error: failed files: "tmp-ly/2a070bbf61a2a31aa2d38f7a2c6b2a5f.ly"
