Changing working directory to: `tmp-ly'
Processing `/media/peti/SEAGATE_4TB/projektek/mente_daloskonyv/tmp-ly/3352097a57878d5d7a703d58af8c8920.ly'
Parsing...
warning: Unknown paper size: a4paper
warning: set-global-staff-size: not in toplevel scope
/media/peti/SEAGATE_4TB/projektek/mente_daloskonyv/tmp-ly/3352097a57878d5d7a703d58af8c8920.ly:67:42: error: wrong type for argument 1.  Expecting string, found (make-music (quote BarCheck))
		d8[ d d a] a[ a] a4 \bar 
                                         |".|:"\break
/media/peti/SEAGATE_4TB/projektek/mente_daloskonyv/tmp-ly/3352097a57878d5d7a703d58af8c8920.ly:67:47: error: string outside of text script or \lyricmode
		d8[ d d a] a[ a] a4 \bar |".|:
                                              "\break
Interpreting music...
warning: cannot find property type-check for `instrument' (translation-type?).  perhaps a typing error?
warning: skipping assignment
warning: forced break was overridden by some other event, should you be using bar checks?
/media/peti/SEAGATE_4TB/projektek/mente_daloskonyv/tmp-ly/3352097a57878d5d7a703d58af8c8920.ly:70:38: warning: barcheck failed at: 1/4
		g8[ g f f] c'[ a] a4 
                                     |\break
warning: forced break was overridden by some other event, should you be using bar checks?
Preprocessing graphical objects...
Calculating line breaks... 
Drawing systems... 
Layout output to `3352097a57878d5d7a703d58af8c8920.eps'...
Converting to `3352097a57878d5d7a703d58af8c8920.pdf'...
Layout output to `3352097a57878d5d7a703d58af8c8920-1.eps'...
Layout output to `3352097a57878d5d7a703d58af8c8920-2.eps'...
Converting to `./3352097a57878d5d7a703d58af8c8920-1.pdf'...
Converting to `./3352097a57878d5d7a703d58af8c8920-2.pdf'...
Writing 3352097a57878d5d7a703d58af8c8920-systems.texi...
Writing 3352097a57878d5d7a703d58af8c8920-systems.tex...
Writing 3352097a57878d5d7a703d58af8c8920-systems.count...
fatal error: failed files: "tmp-ly/3352097a57878d5d7a703d58af8c8920.ly"
